14:14:21.570 INFO - Launching a standalone Selenium Server
14:14:21.698 INFO - Java: Oracle Corporation 25.101-b13
14:14:21.699 INFO - OS: Windows 10 10.0 amd64
14:14:21.711 INFO - v2.50.1, with Core v2.50.1. Built from revision d7fc91b
14:14:21.772 INFO - Driver class not found: com.opera.core.systems.OperaDriver
14:14:21.773 INFO - Driver provider com.opera.core.systems.OperaDriver is not registered
14:14:21.782 INFO - Driver provider org.openqa.selenium.safari.SafariDriver registration is skipped:
registration capabilities Capabilities [{browserName=safari, version=, platform=MAC}] does not match the current platform WIN10
14:14:21.975 INFO - RemoteWebDriver instances should connect to: http://127.0.0.1:4444/wd/hub
14:14:21.975 INFO - Selenium Server is up and running
14:14:23.081 INFO - Executing: [new session: Capabilities [{acceptSslCerts=true, name=Test\linkedin Test, browserName=chrome, javascriptEnabled=true, platform=ANY}]])
14:14:23.091 INFO - Creating a new session for Capabilities [{acceptSslCerts=true, name=Test\linkedin Test, browserName=chrome, javascriptEnabled=true, platform=ANY}]
Starting ChromeDriver 2.30.477700 (0057494ad8732195794a7b32078424f92a5fce41) on port 48417
Only local connections are allowed.
14:14:27.787 INFO - Done: [new session: Capabilities [{acceptSslCerts=true, name=Test\linkedin Test, browserName=chrome, javascriptEnabled=true, platform=ANY}]]
14:14:29.799 INFO - Executing: [get: https://www.linkedin.com/])
14:14:33.120 INFO - Done: [get: https://www.linkedin.com/]
14:14:33.127 INFO - Executing: [find elements: By.cssSelector: body])
14:14:33.169 INFO - Done: [find elements: By.cssSelector: body]
14:14:40.178 INFO - Executing: [find elements: By.cssSelector: #login-email])
14:14:40.205 INFO - Done: [find elements: By.cssSelector: #login-email]
14:14:40.209 INFO - Executing: [find elements: By.cssSelector: #login-password])
14:14:40.235 INFO - Done: [find elements: By.cssSelector: #login-password]
14:14:40.240 INFO - Executing: [find element: By.cssSelector: input[id='login-email']])
14:14:40.258 INFO - Done: [find element: By.cssSelector: input[id='login-email']]
14:14:40.264 INFO - Executing: [send keys: 1 [[ChromeDriver: chrome on XP (d330fcf64c24a143e09247a9a072cbdd)] -> css selector: #login-email], [d, a, x, s, h, m, e, h, r, a, 1, 0, @, g, m, a, i, l, ., c, o, m]])
14:14:40.376 INFO - Done: [send keys: 1 [[ChromeDriver: chrome on XP (d330fcf64c24a143e09247a9a072cbdd)] -> css selector: #login-email], [d, a, x, s, h, m, e, h, r, a, 1, 0, @, g, m, a, i, l, ., c, o, m]]
14:14:40.381 INFO - Executing: [find element: By.cssSelector: input[id='login-password']])
14:14:40.401 INFO - Done: [find element: By.cssSelector: input[id='login-password']]
14:14:40.406 INFO - Executing: [send keys: 2 [[ChromeDriver: chrome on XP (d330fcf64c24a143e09247a9a072cbdd)] -> css selector: #login-password], [t, h, a, n, k, y, o, u, U, n, i, v, e, r, s, e]])
14:14:40.500 INFO - Done: [send keys: 2 [[ChromeDriver: chrome on XP (d330fcf64c24a143e09247a9a072cbdd)] -> css selector: #login-password], [t, h, a, n, k, y, o, u, U, n, i, v, e, r, s, e]]
14:14:40.506 INFO - Executing: [find elements: By.cssSelector: #login-submit])
14:14:40.526 INFO - Done: [find elements: By.cssSelector: #login-submit]
14:14:40.531 INFO - Executing: [find element: By.cssSelector: #login-submit])
14:14:40.549 INFO - Done: [find element: By.cssSelector: #login-submit]
14:14:40.553 INFO - Executing: [click: 3 [[ChromeDriver: chrome on XP (d330fcf64c24a143e09247a9a072cbdd)] -> css selector: #login-submit]])
14:14:43.703 INFO - Done: [click: 3 [[ChromeDriver: chrome on XP (d330fcf64c24a143e09247a9a072cbdd)] -> css selector: #login-submit]]
14:14:43.710 INFO - Executing: [maximise window])
14:14:45.741 WARN - Exception thrown
org.openqa.selenium.WebDriverException: disconnected: unable to connect to renderer
  (Session info: chrome=63.0.3239.132)
  (Driver info: chromedriver=2.30.477700 (0057494ad8732195794a7b32078424f92a5fce41),platform=Windows NT 10.0.15063 x86_64) (WARNING: The server did not provide any stacktrace information)
Command duration or timeout: 2.02 seconds
Build info: version: '2.50.1', revision: 'd7fc91b', time: '2016-01-29 19:08:26'
System info: host: 'LAPTOP-JNMEARUH', ip: '192.168.16.1', os.name: 'Windows 10', os.arch: 'amd64', os.version: '10.0', java.version: '1.8.0_101'
Driver info: org.openqa.selenium.chrome.ChromeDriver
Capabilities [{applicationCacheEnabled=false, rotatable=false, mobileEmulationEnabled=false, networkConnectionEnabled=false, chrome={chromedriverVersion=2.30.477700 (0057494ad8732195794a7b32078424f92a5fce41), userDataDir=C:\Users\daxes\AppData\Local\Temp\scoped_dir20012_31350}, takesHeapSnapshot=true, pageLoadStrategy=normal, databaseEnabled=false, handlesAlerts=true, hasTouchScreen=false, version=63.0.3239.132, platform=XP, browserConnectionEnabled=false, nativeEvents=true, acceptSslCerts=true, locationContextEnabled=true, webStorageEnabled=true, browserName=chrome, takesScreenshot=true, javascriptEnabled=true, cssSelectorsEnabled=true, unexpectedAlertBehaviour=}]
Session ID: d330fcf64c24a143e09247a9a072cbdd
	at sun.reflect.NativeConstructorAccessorImpl.newInstance0(Native Method)
	at sun.reflect.NativeConstructorAccessorImpl.newInstance(Unknown Source)
	at sun.reflect.DelegatingConstructorAccessorImpl.newInstance(Unknown Source)
	at java.lang.reflect.Constructor.newInstance(Unknown Source)
	at org.openqa.selenium.remote.ErrorHandler.createThrowable(ErrorHandler.java:206)
	at org.openqa.selenium.remote.ErrorHandler.throwIfResponseFailed(ErrorHandler.java:158)
	at org.openqa.selenium.remote.RemoteWebDriver.execute(RemoteWebDriver.java:678)
	at org.openqa.selenium.remote.RemoteWebDriver$RemoteWebDriverOptions$RemoteWindow.maximize(RemoteWebDriver.java:943)
	at org.openqa.selenium.support.events.EventFiringWebDriver$EventFiringWindow.maximize(EventFiringWebDriver.java:642)
	at org.openqa.selenium.remote.server.handler.MaximizeWindow.call(MaximizeWindow.java:30)
	at org.openqa.selenium.remote.server.handler.MaximizeWindow.call(MaximizeWindow.java:1)
	at java.util.concurrent.FutureTask.run(Unknown Source)
	at org.openqa.selenium.remote.server.DefaultSession$1.run(DefaultSession.java:176)
	at java.util.concurrent.ThreadPoolExecutor.runWorker(Unknown Source)
	at java.util.concurrent.ThreadPoolExecutor$Worker.run(Unknown Source)
	at java.lang.Thread.run(Unknown Source)
14:14:45.743 WARN - Exception: disconnected: unable to connect to renderer
  (Session info: chrome=63.0.3239.132)
  (Driver info: chromedriver=2.30.477700 (0057494ad8732195794a7b32078424f92a5fce41),platform=Windows NT 10.0.15063 x86_64) (WARNING: The server did not provide any stacktrace information)
Command duration or timeout: 2.02 seconds
Build info: version: '2.50.1', revision: 'd7fc91b', time: '2016-01-29 19:08:26'
System info: host: 'LAPTOP-JNMEARUH', ip: '192.168.16.1', os.name: 'Windows 10', os.arch: 'amd64', os.version: '10.0', java.version: '1.8.0_101'
Driver info: org.openqa.selenium.chrome.ChromeDriver
Capabilities [{applicationCacheEnabled=false, rotatable=false, mobileEmulationEnabled=false, networkConnectionEnabled=false, chrome={chromedriverVersion=2.30.477700 (0057494ad8732195794a7b32078424f92a5fce41), userDataDir=C:\Users\daxes\AppData\Local\Temp\scoped_dir20012_31350}, takesHeapSnapshot=true, pageLoadStrategy=normal, databaseEnabled=false, handlesAlerts=true, hasTouchScreen=false, version=63.0.3239.132, platform=XP, browserConnectionEnabled=false, nativeEvents=true, acceptSslCerts=true, locationContextEnabled=true, webStorageEnabled=true, browserName=chrome, takesScreenshot=true, javascriptEnabled=true, cssSelectorsEnabled=true, unexpectedAlertBehaviour=}]
Session ID: d330fcf64c24a143e09247a9a072cbdd
14:14:52.764 INFO - Executing: [find elements: By.cssSelector: a[data-link-to='jobs']])
14:14:52.787 INFO - Done: [find elements: By.cssSelector: a[data-link-to='jobs']]
14:14:52.791 INFO - Executing: [find element: By.cssSelector: a[data-link-to='jobs']])
14:14:52.809 INFO - Done: [find element: By.cssSelector: a[data-link-to='jobs']]
14:14:52.815 INFO - Executing: [click: 4 [[ChromeDriver: chrome on XP (d330fcf64c24a143e09247a9a072cbdd)] -> css selector: a[data-link-to='jobs']]])
14:14:52.937 INFO - Done: [click: 4 [[ChromeDriver: chrome on XP (d330fcf64c24a143e09247a9a072cbdd)] -> css selector: a[data-link-to='jobs']]]
14:14:59.946 INFO - Executing: [find elements: By.cssSelector: .keyword-search-box input])
14:14:59.964 INFO - Done: [find elements: By.cssSelector: .keyword-search-box input]
14:15:00.472 INFO - Executing: [find elements: By.cssSelector: .keyword-search-box input])
14:15:00.484 INFO - Done: [find elements: By.cssSelector: .keyword-search-box input]
14:15:00.991 INFO - Executing: [find elements: By.cssSelector: .keyword-search-box input])
14:15:01.002 INFO - Done: [find elements: By.cssSelector: .keyword-search-box input]
14:15:01.508 INFO - Executing: [find elements: By.cssSelector: .keyword-search-box input])
14:15:01.518 INFO - Done: [find elements: By.cssSelector: .keyword-search-box input]
14:15:02.024 INFO - Executing: [find elements: By.cssSelector: .keyword-search-box input])
14:15:02.036 INFO - Done: [find elements: By.cssSelector: .keyword-search-box input]
14:15:02.543 INFO - Executing: [find elements: By.cssSelector: .keyword-search-box input])
14:15:02.555 INFO - Done: [find elements: By.cssSelector: .keyword-search-box input]
14:15:03.062 INFO - Executing: [find elements: By.cssSelector: .keyword-search-box input])
14:15:03.072 INFO - Done: [find elements: By.cssSelector: .keyword-search-box input]
14:15:03.580 INFO - Executing: [find elements: By.cssSelector: .keyword-search-box input])
14:15:03.591 INFO - Done: [find elements: By.cssSelector: .keyword-search-box input]
14:15:04.096 INFO - Executing: [find elements: By.cssSelector: .keyword-search-box input])
14:15:04.106 INFO - Done: [find elements: By.cssSelector: .keyword-search-box input]
14:15:04.613 INFO - Executing: [find elements: By.cssSelector: .keyword-search-box input])
14:15:04.624 INFO - Done: [find elements: By.cssSelector: .keyword-search-box input]
14:15:05.129 INFO - Executing: [find elements: By.cssSelector: .keyword-search-box input])
14:15:05.140 INFO - Done: [find elements: By.cssSelector: .keyword-search-box input]
14:15:05.645 INFO - Executing: [find elements: By.cssSelector: .keyword-search-box input])
14:15:05.655 INFO - Done: [find elements: By.cssSelector: .keyword-search-box input]
14:15:06.162 INFO - Executing: [find elements: By.cssSelector: .keyword-search-box input])
14:15:06.175 INFO - Done: [find elements: By.cssSelector: .keyword-search-box input]
14:15:06.679 INFO - Executing: [find elements: By.cssSelector: .keyword-search-box input])
14:15:06.690 INFO - Done: [find elements: By.cssSelector: .keyword-search-box input]
14:15:07.194 INFO - Executing: [find elements: By.cssSelector: .keyword-search-box input])
14:15:07.205 INFO - Done: [find elements: By.cssSelector: .keyword-search-box input]
14:15:07.211 INFO - Executing: [delete session: 9a13cd9e-9f28-4e27-993a-0abbec7a5af0])
14:15:08.791 INFO - Done: [delete session: 9a13cd9e-9f28-4e27-993a-0abbec7a5af0]
